  parse.c
C:\Users\27594\Desktop\资料\cc\c_compiler\compiler\Project1\parse.c(60,9): warning C4996: 'strcpy': This function or variable may be unsafe. Consider using strcpy_s instead. To disable deprecation, use _CRT_SECURE_NO_WARNINGS. See online help for details.
C:\Users\27594\Desktop\资料\cc\c_compiler\compiler\Project1\parse.c(61,9): warning C4996: 'strcpy': This function or variable may be unsafe. Consider using strcpy_s instead. To disable deprecation, use _CRT_SECURE_NO_WARNINGS. See online help for details.
C:\Users\27594\Desktop\资料\cc\c_compiler\compiler\Project1\parse.c(67,9): warning C4996: 'strcpy': This function or variable may be unsafe. Consider using strcpy_s instead. To disable deprecation, use _CRT_SECURE_NO_WARNINGS. See online help for details.
C:\Users\27594\Desktop\资料\cc\c_compiler\compiler\Project1\parse.c(79,5): warning C4996: 'sprintf': This function or variable may be unsafe. Consider using sprintf_s instead. To disable deprecation, use _CRT_SECURE_NO_WARNINGS. See online help for details.
C:\Users\27594\Desktop\资料\cc\c_compiler\compiler\Project1\parse.c(82,5): warning C4996: 'strcpy': This function or variable may be unsafe. Consider using strcpy_s instead. To disable deprecation, use _CRT_SECURE_NO_WARNINGS. See online help for details.
C:\Users\27594\Desktop\资料\cc\c_compiler\compiler\Project1\parse.c(134,5): warning C4996: 'strcpy': This function or variable may be unsafe. Consider using strcpy_s instead. To disable deprecation, use _CRT_SECURE_NO_WARNINGS. See online help for details.
C:\Users\27594\Desktop\资料\cc\c_compiler\compiler\Project1\parse.c(156,9): warning C4996: 'strcpy': This function or variable may be unsafe. Consider using strcpy_s instead. To disable deprecation, use _CRT_SECURE_NO_WARNINGS. See online help for details.
C:\Users\27594\Desktop\资料\cc\c_compiler\compiler\Project1\parse.c(260,5): warning C4996: 'strcpy': This function or variable may be unsafe. Consider using strcpy_s instead. To disable deprecation, use _CRT_SECURE_NO_WARNINGS. See online help for details.
C:\Users\27594\Desktop\资料\cc\c_compiler\compiler\Project1\parse.c(272,9): warning C4996: 'sprintf': This function or variable may be unsafe. Consider using sprintf_s instead. To disable deprecation, use _CRT_SECURE_NO_WARNINGS. See online help for details.
C:\Users\27594\Desktop\资料\cc\c_compiler\compiler\Project1\parse.c(275,9): warning C4996: 'strcpy': This function or variable may be unsafe. Consider using strcpy_s instead. To disable deprecation, use _CRT_SECURE_NO_WARNINGS. See online help for details.
C:\Users\27594\Desktop\资料\cc\c_compiler\compiler\Project1\parse.c(280,9): warning C4996: 'sprintf': This function or variable may be unsafe. Consider using sprintf_s instead. To disable deprecation, use _CRT_SECURE_NO_WARNINGS. See online help for details.
C:\Users\27594\Desktop\资料\cc\c_compiler\compiler\Project1\parse.c(289,13): warning C4996: 'sprintf': This function or variable may be unsafe. Consider using sprintf_s instead. To disable deprecation, use _CRT_SECURE_NO_WARNINGS. See online help for details.
C:\Users\27594\Desktop\资料\cc\c_compiler\compiler\Project1\parse.c(292,13): warning C4996: 'strcpy': This function or variable may be unsafe. Consider using strcpy_s instead. To disable deprecation, use _CRT_SECURE_NO_WARNINGS. See online help for details.
C:\Users\27594\Desktop\资料\cc\c_compiler\compiler\Project1\parse.c(297,13): warning C4996: 'sprintf': This function or variable may be unsafe. Consider using sprintf_s instead. To disable deprecation, use _CRT_SECURE_NO_WARNINGS. See online help for details.
C:\Users\27594\Desktop\资料\cc\c_compiler\compiler\Project1\parse.c(331,10): warning C4101: “addr_str”: 未引用的局部变量
C:\Users\27594\Desktop\资料\cc\c_compiler\compiler\Project1\parse.c(477,5): warning C4996: 'strcpy': This function or variable may be unsafe. Consider using strcpy_s instead. To disable deprecation, use _CRT_SECURE_NO_WARNINGS. See online help for details.
C:\Users\27594\Desktop\资料\cc\c_compiler\compiler\Project1\parse.c(479,5): warning C4996: 'sprintf': This function or variable may be unsafe. Consider using sprintf_s instead. To disable deprecation, use _CRT_SECURE_NO_WARNINGS. See online help for details.
C:\Users\27594\Desktop\资料\cc\c_compiler\compiler\Project1\parse.c(500,9): warning C4996: 'sprintf': This function or variable may be unsafe. Consider using sprintf_s instead. To disable deprecation, use _CRT_SECURE_NO_WARNINGS. See online help for details.
C:\Users\27594\Desktop\资料\cc\c_compiler\compiler\Project1\parse.c(552,5): warning C4996: 'strcpy': This function or variable may be unsafe. Consider using strcpy_s instead. To disable deprecation, use _CRT_SECURE_NO_WARNINGS. See online help for details.
C:\Users\27594\Desktop\资料\cc\c_compiler\compiler\Project1\parse.c(554,5): warning C4996: 'sprintf': This function or variable may be unsafe. Consider using sprintf_s instead. To disable deprecation, use _CRT_SECURE_NO_WARNINGS. See online help for details.
C:\Users\27594\Desktop\资料\cc\c_compiler\compiler\Project1\parse.c(573,5): warning C4996: 'strcpy': This function or variable may be unsafe. Consider using strcpy_s instead. To disable deprecation, use _CRT_SECURE_NO_WARNINGS. See online help for details.
C:\Users\27594\Desktop\资料\cc\c_compiler\compiler\Project1\parse.c(582,5): warning C4996: 'sprintf': This function or variable may be unsafe. Consider using sprintf_s instead. To disable deprecation, use _CRT_SECURE_NO_WARNINGS. See online help for details.
C:\Users\27594\Desktop\资料\cc\c_compiler\compiler\Project1\parse.c(601,13): warning C4996: 'sprintf': This function or variable may be unsafe. Consider using sprintf_s instead. To disable deprecation, use _CRT_SECURE_NO_WARNINGS. See online help for details.
C:\Users\27594\Desktop\资料\cc\c_compiler\compiler\Project1\parse.c(622,9): warning C4996: 'strcpy': This function or variable may be unsafe. Consider using strcpy_s instead. To disable deprecation, use _CRT_SECURE_NO_WARNINGS. See online help for details.
C:\Users\27594\Desktop\资料\cc\c_compiler\compiler\Project1\parse.c(656,9): warning C4996: 'strcpy': This function or variable may be unsafe. Consider using strcpy_s instead. To disable deprecation, use _CRT_SECURE_NO_WARNINGS. See online help for details.
C:\Users\27594\Desktop\资料\cc\c_compiler\compiler\Project1\parse.c(675,9): warning C4996: 'strcpy': This function or variable may be unsafe. Consider using strcpy_s instead. To disable deprecation, use _CRT_SECURE_NO_WARNINGS. See online help for details.
C:\Users\27594\Desktop\资料\cc\c_compiler\compiler\Project1\parse.c(694,9): warning C4996: 'strcpy': This function or variable may be unsafe. Consider using strcpy_s instead. To disable deprecation, use _CRT_SECURE_NO_WARNINGS. See online help for details.
C:\Users\27594\Desktop\资料\cc\c_compiler\compiler\Project1\parse.c(695,9): warning C4996: 'sprintf': This function or variable may be unsafe. Consider using sprintf_s instead. To disable deprecation, use _CRT_SECURE_NO_WARNINGS. See online help for details.
C:\Users\27594\Desktop\资料\cc\c_compiler\compiler\Project1\parse.c(689,9): warning C4101: “addr”: 未引用的局部变量
  Project1.vcxproj -> C:\Users\27594\Desktop\资料\cc\c_compiler\compiler\Project1\x64\Debug\Project1.exe
